<?xml version="1.0" encoding="UTF-8"?>
<!-- Generated by org.testng.reporters.JUnitReportReporter -->
<testsuite skipped="0" hostname="DESKTOP-Q0VBUNO" name="TestCase.TC002_Get_Request_Print_All_Header" tests="1" failures="0" timestamp="2020-09-28T04:07:11 CDT" time="0.296" errors="0">
  <testcase name="User_Info" time="0.296" classname="TestCase.TC002_Get_Request_Print_All_Header"/>
  <system-out/>
</testsuite> <!-- TestCase.TC002_Get_Request_Print_All_Header -->
