<?xml version="1.0" encoding="UTF-8"?>
<!-- Generated by org.testng.reporters.JUnitReportReporter -->
<testsuite skipped="0" hostname="DESKTOP-Q0VBUNO" name="TestCase.TC001_Post_Request" tests="1" failures="0" timestamp="2020-09-28T04:07:11 CDT" time="1.543" errors="0">
  <testcase name="Register_User" time="1.543" classname="TestCase.TC001_Post_Request"/>
  <system-out/>
</testsuite> <!-- TestCase.TC001_Post_Request -->
