<?xml version="1.0" encoding="UTF-8"?>
<!-- Generated by org.testng.reporters.JUnitReportReporter -->
<testsuite skipped="0" hostname="DESKTOP-Q0VBUNO" name="TestCase.TC003_Get_Request_value_Extract" tests="1" failures="0" timestamp="2020-09-28T04:07:11 CDT" time="0.800" errors="0">
  <testcase name="Extract_Value_From_JSON_Body" time="0.800" classname="TestCase.TC003_Get_Request_value_Extract"/>
  <system-out/>
</testsuite> <!-- TestCase.TC003_Get_Request_value_Extract -->
