<?xml version="1.0" encoding="UTF-8"?>
<!-- Generated by org.testng.reporters.JUnitReportReporter -->
<testsuite skipped="0" hostname="DESKTOP-Q0VBUNO" name="automation_RA.TC003_Get_Rqst_value_Extract" tests="1" failures="0" timestamp="2020-09-27T21:34:39 CDT" time="0.849" errors="0">
  <testcase name="Extract_Value_From_JSON_Body" time="0.849" classname="automation_RA.TC003_Get_Rqst_value_Extract"/>
  <system-out/>
</testsuite> <!-- automation_RA.TC003_Get_Rqst_value_Extract -->
