<?xml version="1.0" encoding="UTF-8"?>
<!-- Generated by org.testng.reporters.JUnitReportReporter -->
<testsuite skipped="0" hostname="DESKTOP-Q0VBUNO" name="automation_RA.TC001_Post_Request" tests="1" failures="0" timestamp="2020-09-28T03:25:35 CDT" time="0.319" errors="0">
  <testcase name="Register_User" time="0.319" classname="automation_RA.TC001_Post_Request"/>
  <system-out/>
</testsuite> <!-- automation_RA.TC001_Post_Request -->
