<?xml version="1.0" encoding="UTF-8"?>
<!-- Generated by org.testng.reporters.JUnitReportReporter -->
<testsuite skipped="1" hostname="DESKTOP-Q0VBUNO" name="DataDriven.Test_Data_Driven" tests="1" failures="0" timestamp="2020-09-28T21:59:32 CDT" time="0.000" errors="0">
  <testcase name="Post_User_Data_Driven" time="0.000" classname="DataDriven.Test_Data_Driven">
    <skipped/>
  </testcase> <!-- Post_User_Data_Driven -->
  <system-out/>
</testsuite> <!-- DataDriven.Test_Data_Driven -->
