<?xml version="1.0" encoding="UTF-8"?>
<!-- Generated by org.testng.reporters.JUnitReportReporter -->
<testsuite skipped="0" hostname="DESKTOP-Q0VBUNO" name="TestCase.TC002_Get_All_Employees" tests="2" failures="0" timestamp="2020-10-01T20:32:39 CDT" time="0.035" errors="0">
  <testcase name="Verify_Response_Body" time="0.033" classname="TestCase.TC002_Get_All_Employees"/>
  <system-out/>
  <testcase name="verify_Status_Code" time="0.002" classname="TestCase.TC002_Get_All_Employees"/>
  <system-out/>
</testsuite> <!-- TestCase.TC002_Get_All_Employees -->
