<?xml version="1.0" encoding="UTF-8"?>
<!-- Generated by org.testng.reporters.JUnitReportReporter -->
<testsuite skipped="0" hostname="DESKTOP-Q0VBUNO" name="automation_RA.TC002_Get_Request_Print_All_Header" tests="1" failures="0" timestamp="2020-09-28T03:25:35 CDT" time="1.762" errors="0">
  <testcase name="User_Info" time="1.762" classname="automation_RA.TC002_Get_Request_Print_All_Header"/>
  <system-out/>
</testsuite> <!-- automation_RA.TC002_Get_Request_Print_All_Header -->
