<?xml version="1.0" encoding="UTF-8"?>
<!-- Generated by org.testng.reporters.JUnitReportReporter -->
<testsuite skipped="0" hostname="DESKTOP-Q0VBUNO" name="TestCase.TC001_Post_Request" tests="4" failures="0" timestamp="2020-10-01T20:32:39 CDT" time="0.017" errors="0">
  <testcase name="verify_Content_Type" time="0.005" classname="TestCase.TC001_Post_Request"/>
  <system-out/>
  <testcase name="Verify_Response_Body" time="0.004" classname="TestCase.TC001_Post_Request"/>
  <system-out/>
  <testcase name="verify_Status_Code" time="0.005" classname="TestCase.TC001_Post_Request"/>
  <system-out/>
  <testcase name="verify_Status_Line" time="0.003" classname="TestCase.TC001_Post_Request"/>
  <system-out/>
</testsuite> <!-- TestCase.TC001_Post_Request -->
