<?xml version="1.0" encoding="UTF-8"?>
<!-- Generated by org.testng.reporters.JUnitReportReporter -->
<testsuite skipped="0" hostname="DESKTOP-Q0VBUNO" name="automation_RA.TC002_Get_Request" tests="1" failures="0" timestamp="2020-09-27T21:34:39 CDT" time="0.304" errors="0">
  <testcase name="User_Info" time="0.304" classname="automation_RA.TC002_Get_Request"/>
  <system-out/>
</testsuite> <!-- automation_RA.TC002_Get_Request -->
