<?xml version="1.0" encoding="UTF-8"?>
<!-- Generated by org.testng.reporters.JUnitReportReporter -->
<testsuite skipped="0" hostname="DESKTOP-Q0VBUNO" name="TestCase.TC003_Get_Single_Employee_Record" tests="2" failures="0" timestamp="2020-10-01T20:32:39 CDT" time="0.006" errors="0">
  <testcase name="verify_Status_Code" time="0.002" classname="TestCase.TC003_Get_Single_Employee_Record"/>
  <system-out/>
  <testcase name="Verify_Response_Body" time="0.004" classname="TestCase.TC003_Get_Single_Employee_Record"/>
  <system-out/>
</testsuite> <!-- TestCase.TC003_Get_Single_Employee_Record -->
